<?xml version="1.0" encoding="UTF-8"?>
<coverage generated="1753031799842" clover="3.2.0">
  <project timestamp="1753031799842" name="All files">
    <metrics statements="38" coveredstatements="38" conditionals="13" coveredconditionals="13" methods="9" coveredmethods="9" elements="60" coveredelements="60" complexity="0" loc="38" ncloc="38" packages="1" files="7" classes="7"/>
    <file name="Bowman.js" path="C:\Users\Олежик\PycharmProjects\classPersonas\src\Bowman.js">
      <metrics statements="3" coveredstatements="3" conditionals="0" coveredconditionals="0" methods="1" coveredmethods="1"/>
      <line num="5" count="1" type="stmt"/>
      <line num="6" count="1" type="stmt"/>
      <line num="7" count="1" type="stmt"/>
    </file>
    <file name="Character.js" path="C:\Users\Олежик\PycharmProjects\classPersonas\src\Character.js">
      <metrics statements="20" coveredstatements="20" conditionals="13" coveredconditionals="13" methods="3" coveredmethods="3"/>
      <line num="3" count="18" type="cond" truecount="5" falsecount="0"/>
      <line num="4" count="3" type="stmt"/>
      <line num="7" count="15" type="stmt"/>
      <line num="8" count="15" type="cond" truecount="2" falsecount="0"/>
      <line num="9" count="1" type="stmt"/>
      <line num="12" count="14" type="stmt"/>
      <line num="13" count="14" type="stmt"/>
      <line num="14" count="14" type="stmt"/>
      <line num="15" count="14" type="stmt"/>
      <line num="19" count="2" type="cond" truecount="2" falsecount="0"/>
      <line num="20" count="1" type="stmt"/>
      <line num="22" count="1" type="stmt"/>
      <line num="23" count="1" type="stmt"/>
      <line num="24" count="1" type="stmt"/>
      <line num="25" count="1" type="stmt"/>
      <line num="29" count="5" type="cond" truecount="2" falsecount="0"/>
      <line num="31" count="4" type="stmt"/>
      <line num="32" count="4" type="stmt"/>
      <line num="33" count="4" type="cond" truecount="2" falsecount="0"/>
      <line num="34" count="1" type="stmt"/>
    </file>
    <file name="Daemon.js" path="C:\Users\Олежик\PycharmProjects\classPersonas\src\Daemon.js">
      <metrics statements="3" coveredstatements="3" conditionals="0" coveredconditionals="0" methods="1" coveredmethods="1"/>
      <line num="5" count="1" type="stmt"/>
      <line num="6" count="1" type="stmt"/>
      <line num="7" count="1" type="stmt"/>
    </file>
    <file name="Magician.js" path="C:\Users\Олежик\PycharmProjects\classPersonas\src\Magician.js">
      <metrics statements="3" coveredstatements="3" conditionals="0" coveredconditionals="0" methods="1" coveredmethods="1"/>
      <line num="5" count="1" type="stmt"/>
      <line num="6" count="1" type="stmt"/>
      <line num="7" count="1" type="stmt"/>
    </file>
    <file name="Swordsman.js" path="C:\Users\Олежик\PycharmProjects\classPersonas\src\Swordsman.js">
      <metrics statements="3" coveredstatements="3" conditionals="0" coveredconditionals="0" methods="1" coveredmethods="1"/>
      <line num="5" count="1" type="stmt"/>
      <line num="6" count="1" type="stmt"/>
      <line num="7" count="1" type="stmt"/>
    </file>
    <file name="Undead.js" path="C:\Users\Олежик\PycharmProjects\classPersonas\src\Undead.js">
      <metrics statements="3" coveredstatements="3" conditionals="0" coveredconditionals="0" methods="1" coveredmethods="1"/>
      <line num="5" count="1" type="stmt"/>
      <line num="6" count="1" type="stmt"/>
      <line num="7" count="1" type="stmt"/>
    </file>
    <file name="Zombie.js" path="C:\Users\Олежик\PycharmProjects\classPersonas\src\Zombie.js">
      <metrics statements="3" coveredstatements="3" conditionals="0" coveredconditionals="0" methods="1" coveredmethods="1"/>
      <line num="5" count="1" type="stmt"/>
      <line num="6" count="1" type="stmt"/>
      <line num="7" count="1" type="stmt"/>
    </file>
  </project>
</coverage>
