{"C:\\Users\\Олежик\\PycharmProjects\\classPersonas\\src\\Bowman.js": {"path":"C:\\Users\\Олежик\\PycharmProjects\\classPersonas\\src\\Bowman.js","statementMap":{"0":{"start":{"line":5,"column":4},"end":{"line":5,"column":26}},"1":{"start":{"line":6,"column":4},"end":{"line":6,"column":21}},"2":{"start":{"line":7,"column":4},"end":{"line":7,"column":22}}},"fnMap":{"0":{"name":"(anonymous_0)","decl":{"start":{"line":4,"column":2},"end":{"line":4,"column":3}},"loc":{"start":{"line":4,"column":20},"end":{"line":8,"column":3}},"line":4}},"branchMap":{},"s":{"0":1,"1":1,"2":1},"f":{"0":1},"b":{},"_coverageSchema":"1a1c01bbd47fc00a2c39e90264f33305004495a9","hash":"3cad4734a49a33f131a54fe33ace07f22c18b6d6"}
,"C:\\Users\\Олежик\\PycharmProjects\\classPersonas\\src\\Character.js": {"path":"C:\\Users\\Олежик\\PycharmProjects\\classPersonas\\src\\Character.js","statementMap":{"0":{"start":{"line":3,"column":4},"end":{"line":5,"column":5}},"1":{"start":{"line":4,"column":6},"end":{"line":4,"column":87}},"2":{"start":{"line":7,"column":23},"end":{"line":7,"column":88}},"3":{"start":{"line":8,"column":4},"end":{"line":10,"column":5}},"4":{"start":{"line":9,"column":6},"end":{"line":9,"column":81}},"5":{"start":{"line":12,"column":4},"end":{"line":12,"column":21}},"6":{"start":{"line":13,"column":4},"end":{"line":13,"column":21}},"7":{"start":{"line":14,"column":4},"end":{"line":14,"column":22}},"8":{"start":{"line":15,"column":4},"end":{"line":15,"column":19}},"9":{"start":{"line":19,"column":4},"end":{"line":21,"column":5}},"10":{"start":{"line":20,"column":6},"end":{"line":20,"column":57}},"11":{"start":{"line":22,"column":4},"end":{"line":22,"column":20}},"12":{"start":{"line":23,"column":4},"end":{"line":23,"column":48}},"13":{"start":{"line":24,"column":4},"end":{"line":24,"column":50}},"14":{"start":{"line":25,"column":4},"end":{"line":25,"column":22}},"15":{"start":{"line":29,"column":4},"end":{"line":29,"column":33}},"16":{"start":{"line":29,"column":26},"end":{"line":29,"column":33}},"17":{"start":{"line":31,"column":19},"end":{"line":31,"column":52}},"18":{"start":{"line":32,"column":4},"end":{"line":32,"column":26}},"19":{"start":{"line":33,"column":4},"end":{"line":35,"column":5}},"20":{"start":{"line":34,"column":6},"end":{"line":34,"column":22}}},"fnMap":{"0":{"name":"(anonymous_0)","decl":{"start":{"line":2,"column":2},"end":{"line":2,"column":3}},"loc":{"start":{"line":2,"column":26},"end":{"line":16,"column":3}},"line":2},"1":{"name":"(anonymous_1)","decl":{"start":{"line":18,"column":2},"end":{"line":18,"column":3}},"loc":{"start":{"line":18,"column":12},"end":{"line":26,"column":3}},"line":18},"2":{"name":"(anonymous_2)","decl":{"start":{"line":28,"column":2},"end":{"line":28,"column":3}},"loc":{"start":{"line":28,"column":17},"end":{"line":36,"column":3}},"line":28}},"branchMap":{"0":{"loc":{"start":{"line":3,"column":4},"end":{"line":5,"column":5}},"type":"if","locations":[{"start":{"line":3,"column":4},"end":{"line":5,"column":5}},{"start":{},"end":{}}],"line":3},"1":{"loc":{"start":{"line":3,"column":8},"end":{"line":3,"column":71}},"type":"binary-expr","locations":[{"start":{"line":3,"column":8},"end":{"line":3,"column":32}},{"start":{"line":3,"column":36},"end":{"line":3,"column":51}},{"start":{"line":3,"column":55},"end":{"line":3,"column":71}}],"line":3},"2":{"loc":{"start":{"line":8,"column":4},"end":{"line":10,"column":5}},"type":"if","locations":[{"start":{"line":8,"column":4},"end":{"line":10,"column":5}},{"start":{},"end":{}}],"line":8},"3":{"loc":{"start":{"line":19,"column":4},"end":{"line":21,"column":5}},"type":"if","locations":[{"start":{"line":19,"column":4},"end":{"line":21,"column":5}},{"start":{},"end":{}}],"line":19},"4":{"loc":{"start":{"line":29,"column":4},"end":{"line":29,"column":33}},"type":"if","locations":[{"start":{"line":29,"column":4},"end":{"line":29,"column":33}},{"start":{},"end":{}}],"line":29},"5":{"loc":{"start":{"line":33,"column":4},"end":{"line":35,"column":5}},"type":"if","locations":[{"start":{"line":33,"column":4},"end":{"line":35,"column":5}},{"start":{},"end":{}}],"line":33}},"s":{"0":18,"1":3,"2":15,"3":15,"4":1,"5":14,"6":14,"7":14,"8":14,"9":2,"10":1,"11":1,"12":1,"13":1,"14":1,"15":5,"16":1,"17":4,"18":4,"19":4,"20":1},"f":{"0":18,"1":2,"2":5},"b":{"0":[3,15],"1":[18,17,15],"2":[1,14],"3":[1,1],"4":[1,4],"5":[1,3]},"_coverageSchema":"1a1c01bbd47fc00a2c39e90264f33305004495a9","hash":"b5a05ec44dab77173c0a56db6c61e2bad374ae6a"}
,"C:\\Users\\Олежик\\PycharmProjects\\classPersonas\\src\\Daemon.js": {"path":"C:\\Users\\Олежик\\PycharmProjects\\classPersonas\\src\\Daemon.js","statementMap":{"0":{"start":{"line":5,"column":4},"end":{"line":5,"column":26}},"1":{"start":{"line":6,"column":4},"end":{"line":6,"column":21}},"2":{"start":{"line":7,"column":4},"end":{"line":7,"column":22}}},"fnMap":{"0":{"name":"(anonymous_0)","decl":{"start":{"line":4,"column":2},"end":{"line":4,"column":3}},"loc":{"start":{"line":4,"column":20},"end":{"line":8,"column":3}},"line":4}},"branchMap":{},"s":{"0":1,"1":1,"2":1},"f":{"0":1},"b":{},"_coverageSchema":"1a1c01bbd47fc00a2c39e90264f33305004495a9","hash":"0fd8c6d2ed6b30fcced98445fb20d1e664ad5851"}
,"C:\\Users\\Олежик\\PycharmProjects\\classPersonas\\src\\Magician.js": {"path":"C:\\Users\\Олежик\\PycharmProjects\\classPersonas\\src\\Magician.js","statementMap":{"0":{"start":{"line":5,"column":4},"end":{"line":5,"column":28}},"1":{"start":{"line":6,"column":4},"end":{"line":6,"column":21}},"2":{"start":{"line":7,"column":4},"end":{"line":7,"column":22}}},"fnMap":{"0":{"name":"(anonymous_0)","decl":{"start":{"line":4,"column":2},"end":{"line":4,"column":3}},"loc":{"start":{"line":4,"column":20},"end":{"line":8,"column":3}},"line":4}},"branchMap":{},"s":{"0":1,"1":1,"2":1},"f":{"0":1},"b":{},"_coverageSchema":"1a1c01bbd47fc00a2c39e90264f33305004495a9","hash":"ebeca4c745d792eeb47933e114b281212933fb12"}
,"C:\\Users\\Олежик\\PycharmProjects\\classPersonas\\src\\Swordsman.js": {"path":"C:\\Users\\Олежик\\PycharmProjects\\classPersonas\\src\\Swordsman.js","statementMap":{"0":{"start":{"line":5,"column":4},"end":{"line":5,"column":29}},"1":{"start":{"line":6,"column":4},"end":{"line":6,"column":21}},"2":{"start":{"line":7,"column":4},"end":{"line":7,"column":22}}},"fnMap":{"0":{"name":"(anonymous_0)","decl":{"start":{"line":4,"column":2},"end":{"line":4,"column":3}},"loc":{"start":{"line":4,"column":20},"end":{"line":8,"column":3}},"line":4}},"branchMap":{},"s":{"0":1,"1":1,"2":1},"f":{"0":1},"b":{},"_coverageSchema":"1a1c01bbd47fc00a2c39e90264f33305004495a9","hash":"b8c1ce3c9e83d916792f53643146a5fbf584d6f7"}
,"C:\\Users\\Олежик\\PycharmProjects\\classPersonas\\src\\Undead.js": {"path":"C:\\Users\\Олежик\\PycharmProjects\\classPersonas\\src\\Undead.js","statementMap":{"0":{"start":{"line":5,"column":4},"end":{"line":5,"column":26}},"1":{"start":{"line":6,"column":4},"end":{"line":6,"column":21}},"2":{"start":{"line":7,"column":4},"end":{"line":7,"column":22}}},"fnMap":{"0":{"name":"(anonymous_0)","decl":{"start":{"line":4,"column":2},"end":{"line":4,"column":3}},"loc":{"start":{"line":4,"column":20},"end":{"line":8,"column":3}},"line":4}},"branchMap":{},"s":{"0":1,"1":1,"2":1},"f":{"0":1},"b":{},"_coverageSchema":"1a1c01bbd47fc00a2c39e90264f33305004495a9","hash":"b62ea155187b76e83cc5c345f14707d4660a0034"}
,"C:\\Users\\Олежик\\PycharmProjects\\classPersonas\\src\\Zombie.js": {"path":"C:\\Users\\Олежик\\PycharmProjects\\classPersonas\\src\\Zombie.js","statementMap":{"0":{"start":{"line":5,"column":4},"end":{"line":5,"column":26}},"1":{"start":{"line":6,"column":4},"end":{"line":6,"column":21}},"2":{"start":{"line":7,"column":4},"end":{"line":7,"column":22}}},"fnMap":{"0":{"name":"(anonymous_0)","decl":{"start":{"line":4,"column":2},"end":{"line":4,"column":3}},"loc":{"start":{"line":4,"column":20},"end":{"line":8,"column":3}},"line":4}},"branchMap":{},"s":{"0":1,"1":1,"2":1},"f":{"0":1},"b":{},"_coverageSchema":"1a1c01bbd47fc00a2c39e90264f33305004495a9","hash":"663422269c0119c1557ee2fb1a9a314ed2d148a8"}
}
